<table align="center">
    <tr>
        <td> No </td>
        <td> Date </td>
        <td> Topic </td>
    </tr>
    <tr>
        <td> 0 </td>
        <td> 2015-09-25 </td>
        <td> Optimality of Naive Bayes </td>
    </tr>
    <tr>
        <td> 1 </td>
        <td> 2015-10-08 </td>
        <td> Recurrent Neural Networks </td>
    </tr>
    <tr>
        <td> 2 </td>
        <td> 2015-10-15 </td>
        <td> Restricted Boltzman Machines </td>
    </tr>
    <tr>
        <td> 3 </td>
        <td> 2015-10-29 </td>
        <td> Applications of Neural Networks </td>
    </tr>
    <tr>
        <td> 4 </td>
        <td> 2015-11-05 </td>
        <td> Texture Modeling with MRFs </td>
    </tr>
    <tr>
        <td> 5 </td>
        <td> 2015-11-12 </td>
        <td> The Music of Hidden Markov Models </td>
    </tr>
    <tr>
        <td> 6 </td>
        <td> 2015-11-19 </td>
        <td> Latent Dirichlet Allocation </td>
    </tr>
    <tr>
        <td> 7 </td>
        <td> 2015-12-03 </td>
        <td> Markov Chain Monte Carlo </td>
    </tr>
    <tr>
        <td> 8 </td>
        <td> 2015-12-10 </td>
        <td> Variational Autoencoders </td>
    </tr>
    <tr>
        <td> 0 </td>
        <td> 2016-01-19 </td>
        <td> Tutorial: K-Means Clustering </td>
    </tr>
    <tr>
        <td> 1 </td>
        <td> 2016-01-26 </td>
        <td> Tutorial: GMMs & Density Estimation </td>
    </tr>
    <tr>
        <td> 2 </td>
        <td> 2016-02-02 </td>
        <td> Tutorial: Clustering Wrap-Up </td>
    </tr>
    <tr>
        <td> 3 </td>
        <td> 2016-02-09 </td>
        <td> Tutorial: Regression </td>
    </tr>
    <tr>
        <td> 4 </td>
        <td> 2016-02-17 </td>
        <td> Tutorial: More Regression </td>
    </tr>
    <tr>
        <td> 5 </td>
        <td> 2016-03-08 </td>
        <td> Tutorial: Support Vector Machines </td>
    </tr>
    <tr>
        <td> 6 </td>
        <td> 2016-03-15 </td>
        <td> Tutorial: Decision Trees </td>
    </tr>
    <tr>
        <td> 7 </td>
        <td> 2016-03-22 </td>
        <td> Tutorial: Monte Carlo Methods </td>
    </tr>
    <tr>
        <td> 8 </td>
        <td> 2016-03-29 </td>
        <td> Tutorial: Neural Networks </td>
    </tr>
    <tr>
        <td> 0 </td>
        <td> 2016-01-19 </td>
        <td> Spectral Clustering </td>
    </tr>
    <tr>
        <td> 1 </td>
        <td> 2016-01-26 </td>
        <td> Statistical Learning Theory </td>
    </tr>
    <tr>
        <td> 2 </td>
        <td> 2016-02-02 </td>
        <td> t-SNE </td>
    </tr>
    <tr>
        <td> 3 </td>
        <td> 2016-02-09 </td>
        <td> Curriculum Learning </td>
    </tr>
    <tr>
        <td> 4 </td>
        <td> 2016-02-17 </td>
        <td> Error-Correcting Output Codes </td>
    </tr>
    <tr>
        <td> 5 </td>
        <td> 2016-03-08 </td>
        <td> Reinforcement Learning </td>
    </tr>
    <tr>
        <td> 6 </td>
        <td> 2016-03-15 </td>
        <td> Image Processing with PDEs </td>
    </tr>
    <tr>
        <td> 7 </td>
        <td> 2016-03-29 </td>
        <td> Bag of Little Bootstraps </td>
    </tr>
    <tr>
        <td> 8 </td>
        <td> 2016-04-05 </td>
        <td> Telephone Slides </td>
    </tr>
    <tr>
        <td> 0 </td>
        <td> 2016-09-28 </td>
        <td> Machine Learning: A Bird's-Eye View </td>
    </tr>
    <tr>
        <td> 1 </td>
        <td> 2016-10-05 </td>
        <td> Text Classification: A Comparison of Methods </td>
    </tr>
    <tr>
        <td> 2 </td>
        <td> 2016-10-12 </td>
        <td> Gradient Descent: Method and Subtleties </td>
    </tr>
    <tr>
        <td> 3 </td>
        <td> 2016-10-26 </td>
        <td> Active Learning and Global Optimization </td>
    </tr>
    <tr>
        <td> 4 </td>
        <td> 2016-11-02 </td>
        <td> Stochastic Sorting </td>
    </tr>
    <tr>
        <td> 5 </td>
        <td> 2016-11-09 </td>
        <td> Generative Adversarial Networks </td>
    </tr>
    <tr>
        <td> 6 </td>
        <td> 2016-11-16 </td>
        <td> What does "Probably Approximately Correct" Mean? </td>
    </tr>
    <tr>
        <td> 7 </td>
        <td> 2016-11-30 </td>
        <td> Manifold Learning </td>
    </tr>
    <tr>
        <td> 0 </td>
        <td> 2017-01-18 </td>
        <td> Stein's Paradox and Shrinkage Estimators </td>
    </tr>
    <tr>
        <td> 1 </td>
        <td> 2017-01-25 </td>
        <td> Reusable Holdout Sets aka Machine Ignorance </td>
    </tr>
    <tr>
        <td> 2 </td>
        <td> 2017-02-01 </td>
        <td> LSTMs in Natural Language Processing </td>
    </tr>
    <tr>
        <td> 3 </td>
        <td> 2017-02-08 </td>
        <td> 3D Convolutional Neural Networks </td>
    </tr>
    <tr>
        <td> 4 </td>
        <td> 2017-03-08 </td>
        <td> Causal Inference in Statistics </td>
    </tr>
    <tr>
        <td> 5 </td>
        <td> 2017-03-22 </td>
        <td> Personal Projects Potluck </td>
    </tr>
    <tr>
        <td> 6 </td>
        <td> 2017-04-05 </td>
        <td> Foundations of Machine Learning </td>
    </tr>
    <tr>
        <td> 7 </td>
        <td> 2017-04-19 </td>
        <td> Telephone Slides </td>
    </tr>
    <tr>
        <td> 0 </td>
        <td> 2017-09-12 </td>
        <td> Statistical Learning Theory </td>
    </tr>
    <tr>
        <td> 1 </td>
        <td> 2017-09-19 </td>
        <td> Deep Learning Theory </td>
    </tr>
    <tr>
        <td> 2 </td>
        <td> 2017-09-26 </td>
        <td> Hierarchical Dirichlet Processes </td>
    </tr>
    <tr>
        <td> 3 </td>
        <td> 2017-10-03 </td>
        <td> Neural Machine Translation </td>
    </tr>
    <tr>
        <td> 4 </td>
        <td> 2017-10-10 </td>
        <td> Deep Q-Learning </td>
    </tr>
    <tr>
        <td> 5 </td>
        <td> 2017-10-17 </td>
        <td> ... to be determined ... </td>
    </tr>
</table>
